[debug] [2022-07-13T12:40:54.756Z] ----------------------------------------------------------------------
[debug] [2022-07-13T12:40:54.758Z] Command:       C:\Program Files\nodejs\node.exe C:\Users\eKasi_TMB_COM00714\AppData\Roaming\npm\node_modules\firebase-tools\lib\bin\firebase.js init
[debug] [2022-07-13T12:40:54.758Z] CLI Version:   11.2.2
[debug] [2022-07-13T12:40:54.758Z] Platform:      win32
[debug] [2022-07-13T12:40:54.758Z] Node Version:  v16.15.1
[debug] [2022-07-13T12:40:54.760Z] Time:          Wed Jul 13 2022 14:40:54 GMT+0200 (South Africa Standard Time)
[debug] [2022-07-13T12:40:54.760Z] ----------------------------------------------------------------------
[debug] 
[debug] [2022-07-13T12:40:54.824Z] > command requires scopes: ["email","openid","https://www.googleapis.com/auth/cloudplatformprojects.readonly","https://www.googleapis.com/auth/firebase","https://www.googleapis.com/auth/cloud-platform"]
[debug] [2022-07-13T12:40:54.824Z] > authorizing via signed-in user (charlesmotsisi100@gmail.com)
[info] 
     ######## #### ########  ######## ########     ###     ######  ########
     ##        ##  ##     ## ##       ##     ##  ##   ##  ##       ##
     ######    ##  ########  ######   ########  #########  ######  ######
     ##        ##  ##    ##  ##       ##     ## ##     ##       ## ##
     ##       #### ##     ## ######## ########  ##     ##  ######  ########

You're about to initialize a Firebase project in this directory:

  C:\Users\eKasi_TMB_COM00714\Desktop\codetribe2022-profiles

Before we get started, keep in mind:

  * You are initializing within an existing Firebase project directory

[info] 
=== Project Setup
[info] 
[info] First, let's associate this project directory with a Firebase project.
[info] You can create multiple project aliases by running firebase use --add, 
[info] but for now we'll just set up a default project.
[info] 
[debug] [2022-07-13T12:41:20.443Z] Using project from CLI flag: test-project-week5-67261
[debug] [2022-07-13T12:41:20.446Z] >>> [apiv2][query] GET https://firebase.googleapis.com/v1beta1/projects/test-project-week5-67261 [none]
[debug] [2022-07-13T12:41:21.425Z] <<< [apiv2][status] GET https://firebase.googleapis.com/v1beta1/projects/test-project-week5-67261 403
[debug] [2022-07-13T12:41:21.425Z] <<< [apiv2][body] GET https://firebase.googleapis.com/v1beta1/projects/test-project-week5-67261 {"error":{"code":403,"message":"The caller does not have permission","status":"PERMISSION_DENIED"}}
[debug] [2022-07-13T12:41:21.426Z] HTTP Error: 403, The caller does not have permission
[debug] [2022-07-13T12:41:21.831Z] FirebaseError: HTTP Error: 403, The caller does not have permission
    at responseToError (C:\Users\eKasi_TMB_COM00714\AppData\Roaming\npm\node_modules\firebase-tools\lib\responseToError.js:49:12)
    at RetryOperation._fn (C:\Users\eKasi_TMB_COM00714\AppData\Roaming\npm\node_modules\firebase-tools\lib\apiv2.js:287:77)
    at processTicksAndRejections (node:internal/process/task_queues:96:5)
[error] 
[error] Error: Failed to get Firebase project test-project-week5-67261. Please make sure the project exists and your account has permission to access it.
